# JRE version: OpenJDK Runtime Environment (8.0_322-b06) (build 1.8.0_322-b06)
# Java VM: OpenJDK 64-Bit Server VM (25.322-b06 mixed mode linux-amd64 compressed oops)
Heap:
 PSYoungGen      total 544256K, used 35574K [0x00000000d5580000, 0x00000000f9a80000, 0x0000000100000000)
  eden space 493568K, 0% used [0x00000000d5580000,0x00000000d5580000,0x00000000f3780000)
  from space 50688K, 70% used [0x00000000f3780000,0x00000000f5a3d920,0x00000000f6900000)
  to   space 44032K, 0% used [0x00000000f6f80000,0x00000000f6f80000,0x00000000f9a80000)
 ParOldGen       total 108544K, used 62060K [0x0000000080000000, 0x0000000086a00000, 0x00000000d5580000)
  object space 108544K, 57% used [0x0000000080000000,0x0000000083c9b2b0,0x0000000086a00000)
 Metaspace       used 103054K, capacity 106676K, committed 106752K, reserved 1142784K
  class space    used 12988K, capacity 13755K, committed 13824K, reserved 1048576K
GC Heap History (105 events):
Event: 0.286 GC heap before
{Heap before GC invocations=1 (full 0):
 PSYoungGen      total 9216K, used 8192K [0x00000000d5580000, 0x00000000d5f80000, 0x0000000100000000)
  eden space 8192K, 100% used [0x00000000d5580000,0x00000000d5d80000,0x00000000d5d80000)
  from space 1024K, 0% used [0x00000000d5e80000,0x00000000d5e80000,0x00000000d5f80000)
  to   space 1024K, 0% used [0x00000000d5d80000,0x00000000d5d80000,0x00000000d5e80000)
 ParOldGen       total 20480K, used 0K [0x0000000080000000, 0x0000000081400000, 0x00000000d5580000)
  object space 20480K, 0% used [0x0000000080000000,0x0000000080000000,0x0000000081400000)
 Metaspace       used 4641K, capacity 4862K, committed 4992K, reserved 1056768K
  class space    used 470K, capacity 541K, committed 640K, reserved 1048576K
Event: 0.288 GC heap after
Heap after GC invocations=1 (full 0):
 PSYoungGen      total 9216K, used 993K [0x00000000d5580000, 0x00000000d5f80000, 0x0000000100000000)
  eden space 8192K, 0% used [0x00000000d5580000,0x00000000d5580000,0x00000000d5d80000)
  from space 1024K, 97% used [0x00000000d5d80000,0x00000000d5e78798,0x00000000d5e80000)
  to   space 1024K, 0% used [0x00000000d5e80000,0x00000000d5e80000,0x00000000d5f80000)
 ParOldGen       total 20480K, used 0K [0x0000000080000000, 0x0000000081400000, 0x00000000d5580000)
  object space 20480K, 0% used [0x0000000080000000,0x0000000080000000,0x0000000081400000)
 Metaspace       used 4641K, capacity 4862K, committed 4992K, reserved 1056768K
  class space    used 470K, capacity 541K, committed 640K, reserved 1048576K
}
Event: 0.424 GC heap before
{Heap before GC invocations=2 (full 0):
 PSYoungGen      total 9216K, used 9185K [0x00000000d5580000, 0x00000000d5f80000, 0x0000000100000000)
  eden space 8192K, 100% used [0x00000000d5580000,0x00000000d5d80000,0x00000000d5d80000)
  from space 1024K, 97% used [0x00000000d5d80000,0x00000000d5e78798,0x00000000d5e80000)
  to   space 1024K, 0% used [0x00000000d5e80000,0x00000000d5e80000,0x00000000d5f80000)
 ParOldGen       total 20480K, used 0K [0x0000000080000000, 0x0000000081400000, 0x00000000d5580000)
  object space 20480K, 0% used [0x0000000080000000,0x0000000080000000,0x0000000081400000)
 Metaspace       used 6523K, capacity 6728K, committed 7040K, reserved 1056768K
  class space    used 741K, capacity 838K, committed 896K, reserved 1048576K
Event: 0.428 GC heap after
Heap after GC invocations=2 (full 0):
 PSYoungGen      total 9216K, used 1024K [0x00000000d5580000, 0x00000000d6780000, 0x0000000100000000)
  eden space 8192K, 0% used [0x00000000d5580000,0x00000000d5580000,0x00000000d5d80000)
  from space 1024K, 100% used [0x00000000d5e80000,0x00000000d5f80000,0x00000000d5f80000)
  to   space 1024K, 0% used [0x00000000d5d80000,0x00000000d5d80000,0x00000000d5e80000)
 ParOldGen       total 20480K, used 1004K [0x0000000080000000, 0x0000000081400000, 0x00000000d5580000)
  object space 20480K, 4% used [0x0000000080000000,0x00000000800fb270,0x0000000081400000)
 Metaspace       used 6523K, capacity 6728K, committed 7040K, reserved 1056768K
  class space    used 741K, capacity 838K, committed 896K, reserved 1048576K
}
Event: 0.524 GC heap before
{Heap before GC invocations=3 (full 0):
 PSYoungGen      total 9216K, used 9210K [0x00000000d5580000, 0x00000000d6780000, 0x0000000100000000)
  eden space 8192K, 99% used [0x00000000d5580000,0x00000000d5d7eab8,0x00000000d5d80000)
  from space 1024K, 100% used [0x00000000d5e80000,0x00000000d5f80000,0x00000000d5f80000)
  to   space 1024K, 0% used [0x00000000d5d80000,0x00000000d5d80000,0x00000000d5e80000)
 ParOldGen       total 20480K, used 1004K [0x0000000080000000, 0x0000000081400000, 0x00000000d5580000)
  object space 20480K, 4% used [0x0000000080000000,0x00000000800fb270,0x0000000081400000)
 Metaspace       used 7247K, capacity 7402K, committed 7680K, reserved 1056768K
  class space    used 855K, capacity 935K, committed 1024K, reserved 1048576K
Event: 0.529 GC heap after
Heap after GC invocations=3 (full 0):
 PSYoungGen      total 9216K, used 1008K [0x00000000d5580000, 0x00000000d6780000, 0x0000000100000000)
  eden space 8192K, 0% used [0x00000000d5580000,0x00000000d5580000,0x00000000d5d80000)
  from space 1024K, 98% used [0x00000000d5d80000,0x00000000d5e7c010,0x00000000d5e80000)
  to   space 1024K, 0% used [0x00000000d6680000,0x00000000d6680000,0x00000000d6780000)
 ParOldGen       total 20480K, used 2285K [0x0000000080000000, 0x0000000081400000, 0x00000000d5580000)
  object space 20480K, 11% used [0x0000000080000000,0x000000008023b640,0x0000000081400000)
 Metaspace       used 7247K, capacity 7402K, committed 7680K, reserved 1056768K
  class space    used 855K, capacity 935K, committed 1024K, reserved 1048576K
}
Event: 0.661 GC heap before
{Heap before GC invocations=4 (full 0):
 PSYoungGen      total 9216K, used 9200K [0x00000000d5580000, 0x00000000d6780000, 0x0000000100000000)
  eden space 8192K, 100% used [0x00000000d5580000,0x00000000d5d80000,0x00000000d5d80000)
  from space 1024K, 98% used [0x00000000d5d80000,0x00000000d5e7c010,0x00000000d5e80000)
  to   space 1024K, 0% used [0x00000000d6680000,0x00000000d6680000,0x00000000d6780000)
 ParOldGen       total 20480K, used 2285K [0x0000000080000000, 0x0000000081400000, 0x00000000d5580000)
  object space 20480K, 11% used [0x0000000080000000,0x000000008023b640,0x0000000081400000)
 Metaspace       used 7867K, capacity 8080K, committed 8320K, reserved 1056768K
  class space    used 935K, capacity 1032K, committed 1152K, reserved 1048576K
Event: 0.664 GC heap after
Heap after GC invocations=4 (full 0):
 PSYoungGen      total 17408K, used 992K [0x00000000d5580000, 0x00000000d6780000, 0x0000000100000000)
  eden space 16384K, 0% used [0x00000000d5580000,0x00000000d5580000,0x00000000d6580000)
  from space 1024K, 96% used [0x00000000d6680000,0x00000000d6778020,0x00000000d6780000)
  to   space 1024K, 0% used [0x00000000d6580000,0x00000000d6580000,0x00000000d6680000)
 ParOldGen       total 20480K, used 3117K [0x0000000080000000, 0x0000000081400000, 0x00000000d5580000)
  object space 20480K, 15% used [0x0000000080000000,0x000000008030b658,0x0000000081400000)
 Metaspace       used 7867K, capacity 8080K, committed 8320K, reserved 1056768K
  class space    used 935K, capacity 1032K, committed 1152K, reserved 1048576K
}
Event: 1.653 GC heap before
{Heap before GC invocations=5 (full 0):
 PSYoungGen      total 17408K, used 17376K [0x00000000d5580000, 0x00000000d6780000, 0x0000000100000000)
  eden space 16384K, 100% used [0x00000000d5580000,0x00000000d6580000,0x00000000d6580000)
  from space 1024K, 96% used [0x00000000d6680000,0x00000000d6778020,0x00000000d6780000)
  to   space 1024K, 0% used [0x00000000d6580000,0x00000000d6580000,0x00000000d6680000)
 ParOldGen       total 20480K, used 3117K [0x0000000080000000, 0x0000000081400000, 0x00000000d5580000)
  object space 20480K, 15% used [0x0000000080000000,0x000000008030b658,0x0000000081400000)
 Metaspace       used 8120K, capacity 8278K, committed 8576K, reserved 1056768K
  class space    used 952K, capacity 1034K, committed 1152K, reserved 1048576K
Event: 1.656 GC heap after
Heap after GC invocations=5 (full 0):
 PSYoungGen      total 17408K, used 1024K [0x00000000d5580000, 0x00000000d7b80000, 0x0000000100000000)
  eden space 16384K, 0% used [0x00000000d5580000,0x00000000d5580000,0x00000000d6580000)
  from space 1024K, 100% used [0x00000000d6580000,0x00000000d6680000,0x00000000d6680000)
  to   space 3072K, 0% used [0x00000000d7880000,0x00000000d7880000,0x00000000d7b80000)
 ParOldGen       total 20480K, used 4234K [0x0000000080000000, 0x0000000081400000, 0x00000000d5580000)
  object space 20480K, 20% used [0x0000000080000000,0x0000000080422868,0x0000000081400000)
 Metaspace       used 8120K, capacity 8278K, committed 8576K, reserved 1056768K
  class space    used 952K, capacity 1034K, committed 1152K, reserved 1048576K
}
Event: 1.765 GC heap before
{Heap before GC invocations=6 (full 0):
 PSYoungGen      total 17408K, used 17408K [0x00000000d5580000, 0x00000000d7b80000, 0x0000000100000000)
  eden space 16384K, 100% used [0x00000000d5580000,0x00000000d6580000,0x00000000d6580000)
  from space 1024K, 100% used [0x00000000d6580000,0x00000000d6680000,0x00000000d6680000)
  to   space 3072K, 0% used [0x00000000d7880000,0x00000000d7880000,0x00000000d7b80000)
 ParOldGen       total 20480K, used 4234K [0x0000000080000000, 0x0000000081400000, 0x00000000d5580000)
  object space 20480K, 20% used [0x0000000080000000,0x0000000080422868,0x0000000081400000)
 Metaspace       used 8793K, capacity 8936K, committed 9216K, reserved 1056768K
  class space    used 1098K, capacity 1168K, committed 1280K, reserved 1048576K
Event: 1.769 GC heap after
Heap after GC invocations=6 (full 0):
 PSYoungGen      total 35840K, used 2192K [0x00000000d5580000, 0x00000000d7b80000, 0x0000000100000000)
  eden space 32768K, 0% used [0x00000000d5580000,0x00000000d5580000,0x00000000d7580000)
  from space 3072K, 71% used [0x00000000d7880000,0x00000000d7aa4010,0x00000000d7b80000)
  to   space 3072K, 0% used [0x00000000d7580000,0x00000000d7580000,0x00000000d7880000)
 ParOldGen       total 20480K, used 4234K [0x0000000080000000, 0x0000000081400000, 0x00000000d5580000)
  object space 20480K, 20% used [0x0000000080000000,0x0000000080422868,0x0000000081400000)
 Metaspace       used 8793K, capacity 8936K, committed 9216K, reserved 1056768K
  class space    used 1098K, capacity 1168K, committed 1280K, reserved 1048576K
}
Event: 2.223 GC heap before
{Heap before GC invocations=7 (full 0):
 PSYoungGen      total 35840K, used 34960K [0x00000000d5580000, 0x00000000d7b80000, 0x0000000100000000)
  eden space 32768K, 100% used [0x00000000d5580000,0x00000000d7580000,0x00000000d7580000)
  from space 3072K, 71% used [0x00000000d7880000,0x00000000d7aa4010,0x00000000d7b80000)
  to   space 3072K, 0% used [0x00000000d7580000,0x00000000d7580000,0x00000000d7880000)
 ParOldGen       total 20480K, used 4234K [0x0000000080000000, 0x0000000081400000, 0x00000000d5580000)
  object space 20480K, 20% used [0x0000000080000000,0x0000000080422868,0x0000000081400000)
 Metaspace       used 13325K, capacity 13660K, committed 13824K, reserved 1060864K
  class space    used 1791K, capacity 1950K, committed 2048K, reserved 1048576K
Event: 2.230 GC heap after
Heap after GC invocations=7 (full 0):
 PSYoungGen      total 35840K, used 3072K [0x00000000d5580000, 0x00000000d9e80000, 0x0000000100000000)
  eden space 32768K, 0% used [0x00000000d5580000,0x00000000d5580000,0x00000000d7580000)
  from space 3072K, 100% used [0x00000000d7580000,0x00000000d7880000,0x00000000d7880000)
  to   space 4608K, 0% used [0x00000000d9a00000,0x00000000d9a00000,0x00000000d9e80000)
 ParOldGen       total 20480K, used 6681K [0x0000000080000000, 0x0000000081400000, 0x00000000d5580000)
  object space 20480K, 32% used [0x0000000080000000,0x0000000080686638,0x0000000081400000)
 Metaspace       used 13325K, capacity 13660K, committed 13824K, reserved 1060864K
  class space    used 1791K, capacity 1950K, committed 2048K, reserved 1048576K
}
Event: 2.621 GC heap before
{Heap before GC invocations=8 (full 0):
 PSYoungGen      total 35840K, used 35840K [0x00000000d5580000, 0x00000000d9e80000, 0x0000000100000000)
  eden space 32768K, 100% used [0x00000000d5580000,0x00000000d7580000,0x00000000d7580000)
  from space 3072K, 100% used [0x00000000d7580000,0x00000000d7880000,0x00000000d7880000)
  to   space 4608K, 0% used [0x00000000d9a00000,0x00000000d9a00000,0x00000000d9e80000)
 ParOldGen       total 20480K, used 6681K [0x0000000080000000, 0x0000000081400000, 0x00000000d5580000)
  object space 20480K, 32% used [0x0000000080000000,0x0000000080686638,0x0000000081400000)
 Metaspace       used 16823K, capacity 17230K, committed 17536K, reserved 1064960K
  class space    used 2247K, capacity 2397K, committed 2432K, reserved 1048576K
Event: 2.633 GC heap after
Heap after GC invocations=8 (full 0):
 PSYoungGen      total 68608K, used 4579K [0x00000000d5580000, 0x00000000da180000, 0x0000000100000000)
  eden space 64000K, 0% used [0x00000000d5580000,0x00000000d5580000,0x00000000d9400000)
  from space 4608K, 99% used [0x00000000d9a00000,0x00000000d9e78e98,0x00000000d9e80000)
  to   space 6144K, 0% used [0x00000000d9400000,0x00000000d9400000,0x00000000d9a00000)
 ParOldGen       total 20480K, used 7899K [0x0000000080000000, 0x0000000081400000, 0x00000000d5580000)
  object space 20480K, 38% used [0x0000000080000000,0x00000000807b6c18,0x0000000081400000)
 Metaspace       used 16823K, capacity 17230K, committed 17536K, reserved 1064960K
  class space    used 2247K, capacity 2397K, committed 2432K, reserved 1048576K
}
Event: 3.255 GC heap before
{Heap before GC invocations=9 (full 0):
 PSYoungGen      total 68608K, used 53101K [0x00000000d5580000, 0x00000000da180000, 0x0000000100000000)
  eden space 64000K, 75% used [0x00000000d5580000,0x00000000d84e2870,0x00000000d9400000)
  from space 4608K, 99% used [0x00000000d9a00000,0x00000000d9e78e98,0x00000000d9e80000)
  to   space 6144K, 0% used [0x00000000d9400000,0x00000000d9400000,0x00000000d9a00000)
 ParOldGen       total 20480K, used 7899K [0x0000000080000000, 0x0000000081400000, 0x00000000d5580000)
  object space 20480K, 38% used [0x0000000080000000,0x00000000807b6c18,0x0000000081400000)
 Metaspace       used 20671K, capacity 21118K, committed 21248K, reserved 1067008K
  class space    used 2873K, capacity 3063K, committed 3072K, reserved 1048576K
Event: 3.270 GC heap after
Heap after GC invocations=9 (full 0):
 PSYoungGen      total 70144K, used 6117K [0x00000000d5580000, 0x00000000dc880000, 0x0000000100000000)
  eden space 64000K, 0% used [0x00000000d5580000,0x00000000d5580000,0x00000000d9400000)
  from space 6144K, 99% used [0x00000000d9400000,0x00000000d99f9500,0x00000000d9a00000)
  to   space 7680K, 0% used [0x00000000dc100000,0x00000000dc100000,0x00000000dc880000)
 ParOldGen       total 20480K, used 9435K [0x0000000080000000, 0x0000000081400000, 0x00000000d5580000)
  object space 20480K, 46% used [0x0000000080000000,0x0000000080936c60,0x0000000081400000)
 Metaspace       used 20671K, capacity 21118K, committed 21248K, reserved 1067008K
  class space    used 2873K, capacity 3063K, committed 3072K, reserved 1048576K
}
Event: 3.270 GC heap before
{Heap before GC invocations=10 (full 1):
 PSYoungGen      total 70144K, used 6117K [0x00000000d5580000, 0x00000000dc880000, 0x0000000100000000)
  eden space 64000K, 0% used [0x00000000d5580000,0x00000000d5580000,0x00000000d9400000)
  from space 6144K, 99% used [0x00000000d9400000,0x00000000d99f9500,0x00000000d9a00000)
  to   space 7680K, 0% used [0x00000000dc100000,0x00000000dc100000,0x00000000dc880000)
 ParOldGen       total 20480K, used 9435K [0x0000000080000000, 0x0000000081400000, 0x00000000d5580000)
  object space 20480K, 46% used [0x0000000080000000,0x0000000080936c60,0x0000000081400000)
 Metaspace       used 20671K, capacity 21118K, committed 21248K, reserved 1067008K
  class space    used 2873K, capacity 3063K, committed 3072K, reserved 1048576K
Event: 3.372 GC heap after
Heap after GC invocations=10 (full 1):
 PSYoungGen      total 70144K, used 0K [0x00000000d5580000, 0x00000000dc880000, 0x0000000100000000)
  eden space 64000K, 0% used [0x00000000d5580000,0x00000000d5580000,0x00000000d9400000)
  from space 6144K, 0% used [0x00000000d9400000,0x00000000d9400000,0x00000000d9a00000)
  to   space 7680K, 0% used [0x00000000dc100000,0x00000000dc100000,0x00000000dc880000)
 ParOldGen       total 26112K, used 10354K [0x0000000080000000, 0x0000000081980000, 0x00000000d5580000)
  object space 26112K, 39% used [0x0000000080000000,0x0000000080a1cb50,0x0000000081980000)
 Metaspace       used 20671K, capacity 21118K, committed 21248K, reserved 1067008K
  class space    used 2873K, capacity 3063K, committed 3072K, reserved 1048576K
}
Event: 4.484 GC heap before
{Heap before GC invocations=11 (full 1):
 PSYoungGen      total 70144K, used 64000K [0x00000000d5580000, 0x00000000dc880000, 0x0000000100000000)
  eden space 64000K, 100% used [0x00000000d5580000,0x00000000d9400000,0x00000000d9400000)
  from space 6144K, 0% used [0x00000000d9400000,0x00000000d9400000,0x00000000d9a00000)
  to   space 7680K, 0% used [0x00000000dc100000,0x00000000dc100000,0x00000000dc880000)
 ParOldGen       total 26112K, used 10354K [0x0000000080000000, 0x0000000081980000, 0x00000000d5580000)
  object space 26112K, 39% used [0x0000000080000000,0x0000000080a1cb50,0x0000000081980000)
 Metaspace       used 29811K, capacity 30330K, committed 30592K, reserved 1075200K
  class space    used 3994K, capacity 4167K, committed 4224K, reserved 1048576K
Event: 4.498 GC heap after
Heap after GC invocations=11 (full 1):
 PSYoungGen      total 87552K, used 7651K [0x00000000d5580000, 0x00000000dc880000, 0x0000000100000000)
  eden space 79872K, 0% used [0x00000000d5580000,0x00000000d5580000,0x00000000da380000)
  from space 7680K, 99% used [0x00000000dc100000,0x00000000dc878ce8,0x00000000dc880000)
  to   space 9216K, 0% used [0x00000000db680000,0x00000000db680000,0x00000000dbf80000)
 ParOldGen       total 26112K, used 11618K [0x0000000080000000, 0x0000000081980000, 0x00000000d5580000)
  object space 26112K, 44% used [0x0000000080000000,0x0000000080b58a48,0x0000000081980000)
 Metaspace       used 29811K, capacity 30330K, committed 30592K, reserved 1075200K
  class space    used 3994K, capacity 4167K, committed 4224K, reserved 1048576K
}
Event: 5.632 GC heap before
{Heap before GC invocations=12 (full 1):
 PSYoungGen      total 87552K, used 81726K [0x00000000d5580000, 0x00000000dc880000, 0x0000000100000000)
  eden space 79872K, 92% used [0x00000000d5580000,0x00000000d9dd6e78,0x00000000da380000)
  from space 7680K, 99% used [0x00000000dc100000,0x00000000dc878ce8,0x00000000dc880000)
  to   space 9216K, 0% used [0x00000000db680000,0x00000000db680000,0x00000000dbf80000)
 ParOldGen       total 26112K, used 11618K [0x0000000080000000, 0x0000000081980000, 0x00000000d5580000)
  object space 26112K, 44% used [0x0000000080000000,0x0000000080b58a48,0x0000000081980000)
 Metaspace       used 34618K, capacity 35220K, committed 35416K, reserved 1079296K
  class space    used 4600K, capacity 4807K, committed 4864K, reserved 1048576K
Event: 5.664 GC heap after
Heap after GC invocations=12 (full 1):
 PSYoungGen      total 108544K, used 7443K [0x00000000d5580000, 0x00000000dcb80000, 0x0000000100000000)
  eden space 99328K, 0% used [0x00000000d5580000,0x00000000d5580000,0x00000000db680000)
  from space 9216K, 80% used [0x00000000db680000,0x00000000dbdc4f68,0x00000000dbf80000)
  to   space 10240K, 0% used [0x00000000dc180000,0x00000000dc180000,0x00000000dcb80000)
 ParOldGen       total 26112K, used 15057K [0x0000000080000000, 0x0000000081980000, 0x00000000d5580000)
  object space 26112K, 57% used [0x0000000080000000,0x0000000080eb4698,0x0000000081980000)
 Metaspace       used 34618K, capacity 35220K, committed 35416K, reserved 1079296K
  class space    used 4600K, capacity 4807K, committed 4864K, reserved 1048576K
}
Event: 5.664 GC heap before
{Heap before GC invocations=13 (full 2):
 PSYoungGen      total 108544K, used 7443K [0x00000000d5580000, 0x00000000dcb80000, 0x0000000100000000)
  eden space 99328K, 0% used [0x00000000d5580000,0x00000000d5580000,0x00000000db680000)
  from space 9216K, 80% used [0x00000000db680000,0x00000000dbdc4f68,0x00000000dbf80000)
  to   space 10240K, 0% used [0x00000000dc180000,0x00000000dc180000,0x00000000dcb80000)
 ParOldGen       total 26112K, used 15057K [0x0000000080000000, 0x0000000081980000, 0x00000000d5580000)
  object space 26112K, 57% used [0x0000000080000000,0x0000000080eb4698,0x0000000081980000)
 Metaspace       used 34618K, capacity 35220K, committed 35416K, reserved 1079296K
  class space    used 4600K, capacity 4807K, committed 4864K, reserved 1048576K
Event: 5.811 GC heap after
Heap after GC invocations=13 (full 2):
 PSYoungGen      total 108544K, used 0K [0x00000000d5580000, 0x00000000dcb80000, 0x0000000100000000)
  eden space 99328K, 0% used [0x00000000d5580000,0x00000000d5580000,0x00000000db680000)
  from space 9216K, 0% used [0x00000000db680000,0x00000000db680000,0x00000000dbf80000)
  to   space 10240K, 0% used [0x00000000dc180000,0x00000000dc180000,0x00000000dcb80000)
 ParOldGen       total 42496K, used 16697K [0x0000000080000000, 0x0000000082980000, 0x00000000d5580000)
  object space 42496K, 39% used [0x0000000080000000,0x000000008104e6c8,0x0000000082980000)
 Metaspace       used 34599K, capacity 35196K, committed 35416K, reserved 1079296K
  class space    used 4593K, capacity 4799K, committed 4864K, reserved 1048576K
}
Event: 13.420 GC heap before
{Heap before GC invocations=14 (full 2):
 PSYoungGen      total 108544K, used 99328K [0x00000000d5580000, 0x00000000dcb80000, 0x0000000100000000)
  eden space 99328K, 100% used [0x00000000d5580000,0x00000000db680000,0x00000000db680000)
  from space 9216K, 0% used [0x00000000db680000,0x00000000db680000,0x00000000dbf80000)
  to   space 10240K, 0% used [0x00000000dc180000,0x00000000dc180000,0x00000000dcb80000)
 ParOldGen       total 42496K, used 16697K [0x0000000080000000, 0x0000000082980000, 0x00000000d5580000)
  object space 42496K, 39% used [0x0000000080000000,0x000000008104e6c8,0x0000000082980000)
 Metaspace       used 44758K, capacity 45568K, committed 45824K, reserved 1089536K
  class space    used 5912K, capacity 6115K, committed 6144K, reserved 1048576K
Event: 13.475 GC heap after
Heap after GC invocations=14 (full 2):
 PSYoungGen      total 109568K, used 9541K [0x00000000d5580000, 0x00000000ddd80000, 0x0000000100000000)
  eden space 99328K, 0% used [0x00000000d5580000,0x00000000d5580000,0x00000000db680000)
  from space 10240K, 93% used [0x00000000dc180000,0x00000000dcad15c8,0x00000000dcb80000)
  to   space 11264K, 0% used [0x00000000db680000,0x00000000db680000,0x00000000dc180000)
 ParOldGen       total 42496K, used 16705K [0x0000000080000000, 0x0000000082980000, 0x00000000d5580000)
  object space 42496K, 39% used [0x0000000080000000,0x00000000810506c8,0x0000000082980000)
 Metaspace       used 44758K, capacity 45568K, committed 45824K, reserved 1089536K
  class space    used 5912K, capacity 6115K, committed 6144K, reserved 1048576K
}
Event: 53.917 GC heap before
{Heap before GC invocations=15 (full 2):
 PSYoungGen      total 109568K, used 108869K [0x00000000d5580000, 0x00000000ddd80000, 0x0000000100000000)
  eden space 99328K, 100% used [0x00000000d5580000,0x00000000db680000,0x00000000db680000)
  from space 10240K, 93% used [0x00000000dc180000,0x00000000dcad15c8,0x00000000dcb80000)
  to   space 11264K, 0% used [0x00000000db680000,0x00000000db680000,0x00000000dc180000)
 ParOldGen       total 42496K, used 16705K [0x0000000080000000, 0x0000000082980000, 0x00000000d5580000)
  object space 42496K, 39% used [0x0000000080000000,0x00000000810506c8,0x0000000082980000)
 Metaspace       used 46640K, capacity 47570K, committed 48000K, reserved 1091584K
  class space    used 5995K, capacity 6228K, committed 6272K, reserved 1048576K
Event: 53.943 GC heap after
Heap after GC invocations=15 (full 2):
 PSYoungGen      total 110592K, used 7722K [0x00000000d5580000, 0x00000000ddb80000, 0x0000000100000000)
  eden space 99328K, 0% used [0x00000000d5580000,0x00000000d5580000,0x00000000db680000)
  from space 11264K, 68% used [0x00000000db680000,0x00000000dbe0a9b0,0x00000000dc180000)
  to   space 11776K, 0% used [0x00000000dd000000,0x00000000dd000000,0x00000000ddb80000)
 ParOldGen       total 42496K, used 16721K [0x0000000080000000, 0x0000000082980000, 0x00000000d5580000)
  object space 42496K, 39% used [0x0000000080000000,0x00000000810546c8,0x0000000082980000)
 Metaspace       used 46640K, capacity 47570K, committed 48000K, reserved 1091584K
  class space    used 5995K, capacity 6228K, committed 6272K, reserved 1048576K
}
Event: 61.999 GC heap before
{Heap before GC invocations=16 (full 2):
 PSYoungGen      total 110592K, used 107050K [0x00000000d5580000, 0x00000000ddb80000, 0x0000000100000000)
  eden space 99328K, 100% used [0x00000000d5580000,0x00000000db680000,0x00000000db680000)
  from space 11264K, 68% used [0x00000000db680000,0x00000000dbe0a9b0,0x00000000dc180000)
  to   space 11776K, 0% used [0x00000000dd000000,0x00000000dd000000,0x00000000ddb80000)
 ParOldGen       total 42496K, used 16721K [0x0000000080000000, 0x0000000082980000, 0x00000000d5580000)
  object space 42496K, 39% used [0x0000000080000000,0x00000000810546c8,0x0000000082980000)
 Metaspace       used 47345K, capacity 48332K, committed 48640K, reserved 1091584K
  class space    used 6071K, capacity 6293K, committed 6400K, reserved 1048576K
Event: 62.010 GC heap after
Heap after GC invocations=16 (full 2):
 PSYoungGen      total 120320K, used 6893K [0x00000000d5580000, 0x00000000dd900000, 0x0000000100000000)
  eden space 111104K, 0% used [0x00000000d5580000,0x00000000d5580000,0x00000000dc200000)
  from space 9216K, 74% used [0x00000000dd000000,0x00000000dd6bb508,0x00000000dd900000)
  to   space 11776K, 0% used [0x00000000dc200000,0x00000000dc200000,0x00000000dcd80000)
 ParOldGen       total 42496K, used 16793K [0x0000000080000000, 0x0000000082980000, 0x00000000d5580000)
  object space 42496K, 39% used [0x0000000080000000,0x00000000810666d8,0x0000000082980000)
 Metaspace       used 47345K, capacity 48332K, committed 48640K, reserved 1091584K
  class space    used 6071K, capacity 6293K, committed 6400K, reserved 1048576K
}
Event: 72.957 GC heap before
{Heap before GC invocations=17 (full 2):
 PSYoungGen      total 120320K, used 117997K [0x00000000d5580000, 0x00000000dd900000, 0x0000000100000000)
  eden space 111104K, 100% used [0x00000000d5580000,0x00000000dc200000,0x00000000dc200000)
  from space 9216K, 74% used [0x00000000dd000000,0x00000000dd6bb508,0x00000000dd900000)
  to   space 11776K, 0% used [0x00000000dc200000,0x00000000dc200000,0x00000000dcd80000)
 ParOldGen       total 42496K, used 16793K [0x0000000080000000, 0x0000000082980000, 0x00000000d5580000)
  object space 42496K, 39% used [0x0000000080000000,0x00000000810666d8,0x0000000082980000)
 Metaspace       used 47369K, capacity 48332K, committed 48640K, reserved 1091584K
  class space    used 6071K, capacity 6293K, committed 6400K, reserved 1048576K
Event: 72.972 GC heap after
Heap after GC invocations=17 (full 2):
 PSYoungGen      total 122880K, used 6634K [0x00000000d5580000, 0x00000000de380000, 0x0000000100000000)
  eden space 111104K, 0% used [0x00000000d5580000,0x00000000d5580000,0x00000000dc200000)
  from space 11776K, 56% used [0x00000000dc200000,0x00000000dc87aa60,0x00000000dcd80000)
  to   space 11776K, 0% used [0x00000000dd800000,0x00000000dd800000,0x00000000de380000)
 ParOldGen       total 42496K, used 16801K [0x0000000080000000, 0x0000000082980000, 0x00000000d5580000)
  object space 42496K, 39% used [0x0000000080000000,0x00000000810686d8,0x0000000082980000)
 Metaspace       used 47369K, capacity 48332K, committed 48640K, reserved 1091584K
  class space    used 6071K, capacity 6293K, committed 6400K, reserved 1048576K
}
Event: 75.143 GC heap before
{Heap before GC invocations=18 (full 2):
 PSYoungGen      total 122880K, used 117738K [0x00000000d5580000, 0x00000000de380000, 0x0000000100000000)
  eden space 111104K, 100% used [0x00000000d5580000,0x00000000dc200000,0x00000000dc200000)
  from space 11776K, 56% used [0x00000000dc200000,0x00000000dc87aa60,0x00000000dcd80000)
  to   space 11776K, 0% used [0x00000000dd800000,0x00000000dd800000,0x00000000de380000)
 ParOldGen       total 42496K, used 16801K [0x0000000080000000, 0x0000000082980000, 0x00000000d5580000)
  object space 42496K, 39% used [0x0000000080000000,0x00000000810686d8,0x0000000082980000)
 Metaspace       used 47369K, capacity 48332K, committed 48640K, reserved 1091584K
  class space    used 6071K, capacity 6293K, committed 6400K, reserved 1048576K
Event: 75.154 GC heap after
Heap after GC invocations=18 (full 2):
 PSYoungGen      total 131584K, used 6650K [0x00000000d5580000, 0x00000000de280000, 0x0000000100000000)
  eden space 120832K, 0% used [0x00000000d5580000,0x00000000d5580000,0x00000000dcb80000)
  from space 10752K, 61% used [0x00000000dd800000,0x00000000dde7eab0,0x00000000de280000)
  to   space 11776K, 0% used [0x00000000dcb80000,0x00000000dcb80000,0x00000000dd700000)
 ParOldGen       total 42496K, used 16801K [0x0000000080000000, 0x0000000082980000, 0x00000000d5580000)
  object space 42496K, 39% used [0x0000000080000000,0x00000000810686d8,0x0000000082980000)
 Metaspace       used 47369K, capacity 48332K, committed 48640K, reserved 1091584K
  class space    used 6071K, capacity 6293K, committed 6400K, reserved 1048576K
}
Event: 77.410 GC heap before
{Heap before GC invocations=19 (full 2):
 PSYoungGen      total 131584K, used 127482K [0x00000000d5580000, 0x00000000de280000, 0x0000000100000000)
  eden space 120832K, 100% used [0x00000000d5580000,0x00000000dcb80000,0x00000000dcb80000)
  from space 10752K, 61% used [0x00000000dd800000,0x00000000dde7eab0,0x00000000de280000)
  to   space 11776K, 0% used [0x00000000dcb80000,0x00000000dcb80000,0x00000000dd700000)
 ParOldGen       total 42496K, used 16801K [0x0000000080000000, 0x0000000082980000, 0x00000000d5580000)
  object space 42496K, 39% used [0x0000000080000000,0x00000000810686d8,0x0000000082980000)
 Metaspace       used 47394K, capacity 48332K, committed 48640K, reserved 1091584K
  class space    used 6071K, capacity 6293K, committed 6400K, reserved 1048576K
Event: 77.420 GC heap after
Heap after GC invocations=19 (full 2):
 PSYoungGen      total 132608K, used 6618K [0x00000000d5580000, 0x00000000de800000, 0x0000000100000000)
  eden space 120832K, 0% used [0x00000000d5580000,0x00000000d5580000,0x00000000dcb80000)
  from space 11776K, 56% used [0x00000000dcb80000,0x00000000dd1f6a30,0x00000000dd700000)
  to   space 11264K, 0% used [0x00000000ddd00000,0x00000000ddd00000,0x00000000de800000)
 ParOldGen       total 42496K, used 16809K [0x0000000080000000, 0x0000000082980000, 0x00000000d5580000)
  object space 42496K, 39% used [0x0000000080000000,0x000000008106a6d8,0x0000000082980000)
 Metaspace       used 47394K, capacity 48332K, committed 48640K, reserved 1091584K
  class space    used 6071K, capacity 6293K, committed 6400K, reserved 1048576K
}
Event: 81.516 GC heap before
{Heap before GC invocations=20 (full 2):
 PSYoungGen      total 132608K, used 127450K [0x00000000d5580000, 0x00000000de800000, 0x0000000100000000)
  eden space 120832K, 100% used [0x00000000d5580000,0x00000000dcb80000,0x00000000dcb80000)
  from space 11776K, 56% used [0x00000000dcb80000,0x00000000dd1f6a30,0x00000000dd700000)
  to   space 11264K, 0% used [0x00000000ddd00000,0x00000000ddd00000,0x00000000de800000)
 ParOldGen       total 42496K, used 16809K [0x0000000080000000, 0x0000000082980000, 0x00000000d5580000)
  object space 42496K, 39% used [0x0000000080000000,0x000000008106a6d8,0x0000000082980000)
 Metaspace       used 47757K, capacity 48754K, committed 48896K, reserved 1091584K
  class space    used 6109K, capacity 6340K, committed 6400K, reserved 1048576K
Event: 81.532 GC heap after
Heap after GC invocations=20 (full 2):
 PSYoungGen      total 137728K, used 7404K [0x00000000d5580000, 0x00000000de800000, 0x0000000100000000)
  eden space 126464K, 0% used [0x00000000d5580000,0x00000000d5580000,0x00000000dd100000)
  from space 11264K, 65% used [0x00000000ddd00000,0x00000000de43b148,0x00000000de800000)
  to   space 11776K, 0% used [0x00000000dd100000,0x00000000dd100000,0x00000000ddc80000)
 ParOldGen       total 42496K, used 16817K [0x0000000080000000, 0x0000000082980000, 0x00000000d5580000)
  object space 42496K, 39% used [0x0000000080000000,0x000000008106c6d8,0x0000000082980000)
 Metaspace       used 47757K, capacity 48754K, committed 48896K, reserved 1091584K
  class space    used 6109K, capacity 6340K, committed 6400K, reserved 1048576K
}
Event: 82.347 GC heap before
{Heap before GC invocations=21 (full 2):
 PSYoungGen      total 137728K, used 133868K [0x00000000d5580000, 0x00000000de800000, 0x0000000100000000)
  eden space 126464K, 100% used [0x00000000d5580000,0x00000000dd100000,0x00000000dd100000)
  from space 11264K, 65% used [0x00000000ddd00000,0x00000000de43b148,0x00000000de800000)
  to   space 11776K, 0% used [0x00000000dd100000,0x00000000dd100000,0x00000000ddc80000)
 ParOldGen       total 42496K, used 16817K [0x0000000080000000, 0x0000000082980000, 0x00000000d5580000)
  object space 42496K, 39% used [0x0000000080000000,0x000000008106c6d8,0x0000000082980000)
 Metaspace       used 47760K, capacity 48754K, committed 48896K, reserved 1091584K
  class space    used 6109K, capacity 6340K, committed 6400K, reserved 1048576K
Event: 82.356 GC heap after
Heap after GC invocations=21 (full 2):
 PSYoungGen      total 138240K, used 8612K [0x00000000d5580000, 0x00000000def00000, 0x0000000100000000)
  eden space 126464K, 0% used [0x00000000d5580000,0x00000000d5580000,0x00000000dd100000)
  from space 11776K, 73% used [0x00000000dd100000,0x00000000dd9692f0,0x00000000ddc80000)
  to   space 11776K, 0% used [0x00000000de380000,0x00000000de380000,0x00000000def00000)
 ParOldGen       total 42496K, used 16817K [0x0000000080000000, 0x0000000082980000, 0x00000000d5580000)
  object space 42496K, 39% used [0x0000000080000000,0x000000008106c6d8,0x0000000082980000)
 Metaspace       used 47760K, capacity 48754K, committed 48896K, reserved 1091584K
  class space    used 6109K, capacity 6340K, committed 6400K, reserved 1048576K
}
Event: 83.030 GC heap before
{Heap before GC invocations=22 (full 2):
 PSYoungGen      total 138240K, used 135076K [0x00000000d5580000, 0x00000000def00000, 0x0000000100000000)
  eden space 126464K, 100% used [0x00000000d5580000,0x00000000dd100000,0x00000000dd100000)
  from space 11776K, 73% used [0x00000000dd100000,0x00000000dd9692f0,0x00000000ddc80000)
  to   space 11776K, 0% used [0x00000000de380000,0x00000000de380000,0x00000000def00000)
 ParOldGen       total 42496K, used 16817K [0x0000000080000000, 0x0000000082980000, 0x00000000d5580000)
  object space 42496K, 39% used [0x0000000080000000,0x000000008106c6d8,0x0000000082980000)
 Metaspace       used 47760K, capacity 48754K, committed 48896K, reserved 1091584K
  class space    used 6109K, capacity 6340K, committed 6400K, reserved 1048576K
Event: 83.044 GC heap after
Heap after GC invocations=22 (full 2):
 PSYoungGen      total 145408K, used 7036K [0x00000000d5580000, 0x00000000df180000, 0x0000000100000000)
  eden space 133632K, 0% used [0x00000000d5580000,0x00000000d5580000,0x00000000dd800000)
  from space 11776K, 59% used [0x00000000de380000,0x00000000dea5f0f8,0x00000000def00000)
  to   space 11776K, 0% used [0x00000000dd800000,0x00000000dd800000,0x00000000de380000)
 ParOldGen       total 42496K, used 16825K [0x0000000080000000, 0x0000000082980000, 0x00000000d5580000)
  object space 42496K, 39% used [0x0000000080000000,0x000000008106e6d8,0x0000000082980000)
 Metaspace       used 47760K, capacity 48754K, committed 48896K, reserved 1091584K
  class space    used 6109K, capacity 6340K, committed 6400K, reserved 1048576K
}
Event: 83.939 GC heap before
{Heap before GC invocations=23 (full 2):
 PSYoungGen      total 145408K, used 140668K [0x00000000d5580000, 0x00000000df180000, 0x0000000100000000)
  eden space 133632K, 100% used [0x00000000d5580000,0x00000000dd800000,0x00000000dd800000)
  from space 11776K, 59% used [0x00000000de380000,0x00000000dea5f0f8,0x00000000def00000)
  to   space 11776K, 0% used [0x00000000dd800000,0x00000000dd800000,0x00000000de380000)
 ParOldGen       total 42496K, used 16825K [0x0000000080000000, 0x0000000082980000, 0x00000000d5580000)
  object space 42496K, 39% used [0x0000000080000000,0x000000008106e6d8,0x0000000082980000)
 Metaspace       used 47760K, capacity 48754K, committed 48896K, reserved 1091584K
  class space    used 6109K, capacity 6340K, committed 6400K, reserved 1048576K
Event: 83.949 GC heap after
Heap after GC invocations=23 (full 2):
 PSYoungGen      total 145408K, used 10195K [0x00000000d5580000, 0x00000000dfb00000, 0x0000000100000000)
  eden space 133632K, 0% used [0x00000000d5580000,0x00000000d5580000,0x00000000dd800000)
  from space 11776K, 86% used [0x00000000dd800000,0x00000000de1f4cc0,0x00000000de380000)
  to   space 12800K, 0% used [0x00000000dee80000,0x00000000dee80000,0x00000000dfb00000)
 ParOldGen       total 42496K, used 16825K [0x0000000080000000, 0x0000000082980000, 0x00000000d5580000)
  object space 42496K, 39% used [0x0000000080000000,0x000000008106e6d8,0x0000000082980000)
 Metaspace       used 47760K, capacity 48754K, committed 48896K, reserved 1091584K
  class space    used 6109K, capacity 6340K, committed 6400K, reserved 1048576K
}
Event: 84.756 GC heap before
{Heap before GC invocations=24 (full 2):
 PSYoungGen      total 145408K, used 143827K [0x00000000d5580000, 0x00000000dfb00000, 0x0000000100000000)
  eden space 133632K, 100% used [0x00000000d5580000,0x00000000dd800000,0x00000000dd800000)
  from space 11776K, 86% used [0x00000000dd800000,0x00000000de1f4cc0,0x00000000de380000)
  to   space 12800K, 0% used [0x00000000dee80000,0x00000000dee80000,0x00000000dfb00000)
 ParOldGen       total 42496K, used 16825K [0x0000000080000000, 0x0000000082980000, 0x00000000d5580000)
  object space 42496K, 39% used [0x0000000080000000,0x000000008106e6d8,0x0000000082980000)
 Metaspace       used 47765K, capacity 48754K, committed 48896K, reserved 1091584K
  class space    used 6109K, capacity 6340K, committed 6400K, reserved 1048576K
Event: 84.767 GC heap after
Heap after GC invocations=24 (full 2):
 PSYoungGen      total 156672K, used 7036K [0x00000000d5580000, 0x00000000dfa80000, 0x0000000100000000)
  eden space 144384K, 0% used [0x00000000d5580000,0x00000000d5580000,0x00000000de280000)
  from space 12288K, 57% used [0x00000000dee80000,0x00000000df55f158,0x00000000dfa80000)
  to   space 12288K, 0% used [0x00000000de280000,0x00000000de280000,0x00000000dee80000)
 ParOldGen       total 42496K, used 16825K [0x0000000080000000, 0x0000000082980000, 0x00000000d5580000)
  object space 42496K, 39% used [0x0000000080000000,0x000000008106e6d8,0x0000000082980000)
 Metaspace       used 47765K, capacity 48754K, committed 48896K, reserved 1091584K
  class space    used 6109K, capacity 6340K, committed 6400K, reserved 1048576K
}
Event: 85.381 GC heap before
{Heap before GC invocations=25 (full 2):
 PSYoungGen      total 156672K, used 151420K [0x00000000d5580000, 0x00000000dfa80000, 0x0000000100000000)
  eden space 144384K, 100% used [0x00000000d5580000,0x00000000de280000,0x00000000de280000)
  from space 12288K, 57% used [0x00000000dee80000,0x00000000df55f158,0x00000000dfa80000)
  to   space 12288K, 0% used [0x00000000de280000,0x00000000de280000,0x00000000dee80000)
 ParOldGen       total 42496K, used 16825K [0x0000000080000000, 0x0000000082980000, 0x00000000d5580000)
  object space 42496K, 39% used [0x0000000080000000,0x000000008106e6d8,0x0000000082980000)
 Metaspace       used 47765K, capacity 48754K, committed 48896K, reserved 1091584K
  class space    used 6109K, capacity 6340K, committed 6400K, reserved 1048576K
Event: 85.392 GC heap after
Heap after GC invocations=25 (full 2):
 PSYoungGen      total 156672K, used 9661K [0x00000000d5580000, 0x00000000e0800000, 0x0000000100000000)
  eden space 144384K, 0% used [0x00000000d5580000,0x00000000d5580000,0x00000000de280000)
  from space 12288K, 78% used [0x00000000de280000,0x00000000debef400,0x00000000dee80000)
  to   space 12800K, 0% used [0x00000000dfb80000,0x00000000dfb80000,0x00000000e0800000)
 ParOldGen       total 42496K, used 16825K [0x0000000080000000, 0x0000000082980000, 0x00000000d5580000)
  object space 42496K, 39% used [0x0000000080000000,0x000000008106e6d8,0x0000000082980000)
 Metaspace       used 47765K, capacity 48754K, committed 48896K, reserved 1091584K
  class space    used 6109K, capacity 6340K, committed 6400K, reserved 1048576K
}
Event: 87.528 GC heap before
{Heap before GC invocations=26 (full 2):
 PSYoungGen      total 156672K, used 154045K [0x00000000d5580000, 0x00000000e0800000, 0x0000000100000000)
  eden space 144384K, 100% used [0x00000000d5580000,0x00000000de280000,0x00000000de280000)
  from space 12288K, 78% used [0x00000000de280000,0x00000000debef400,0x00000000dee80000)
  to   space 12800K, 0% used [0x00000000dfb80000,0x00000000dfb80000,0x00000000e0800000)
 ParOldGen       total 42496K, used 16825K [0x0000000080000000, 0x0000000082980000, 0x00000000d5580000)
  object space 42496K, 39% used [0x0000000080000000,0x000000008106e6d8,0x0000000082980000)
 Metaspace       used 54803K, capacity 56168K, committed 56448K, reserved 1097728K
  class space    used 6956K, capacity 7275K, committed 7296K, reserved 1048576K
Event: 87.545 GC heap after
Heap after GC invocations=26 (full 2):
 PSYoungGen      total 167936K, used 12792K [0x00000000d5580000, 0x00000000e0b00000, 0x0000000100000000)
  eden space 155136K, 0% used [0x00000000d5580000,0x00000000d5580000,0x00000000ded00000)
  from space 12800K, 99% used [0x00000000dfb80000,0x00000000e07fe200,0x00000000e0800000)
  to   space 14848K, 0% used [0x00000000ded00000,0x00000000ded00000,0x00000000dfb80000)
 ParOldGen       total 42496K, used 18355K [0x0000000080000000, 0x0000000082980000, 0x00000000d5580000)
  object space 42496K, 43% used [0x0000000080000000,0x00000000811ecd18,0x0000000082980000)
 Metaspace       used 54803K, capacity 56168K, committed 56448K, reserved 1097728K
  class space    used 6956K, capacity 7275K, committed 7296K, reserved 1048576K
}
Event: 88.106 GC heap before
{Heap before GC invocations=27 (full 2):
 PSYoungGen      total 167936K, used 61554K [0x00000000d5580000, 0x00000000e0b00000, 0x0000000100000000)
  eden space 155136K, 31% used [0x00000000d5580000,0x00000000d851e858,0x00000000ded00000)
  from space 12800K, 99% used [0x00000000dfb80000,0x00000000e07fe200,0x00000000e0800000)
  to   space 14848K, 0% used [0x00000000ded00000,0x00000000ded00000,0x00000000dfb80000)
 ParOldGen       total 42496K, used 18355K [0x0000000080000000, 0x0000000082980000, 0x00000000d5580000)
  object space 42496K, 43% used [0x0000000080000000,0x00000000811ecd18,0x0000000082980000)
 Metaspace       used 57420K, capacity 58894K, committed 59008K, reserved 1099776K
  class space    used 7361K, capacity 7718K, committed 7808K, reserved 1048576K
Event: 88.135 GC heap after
Heap after GC invocations=27 (full 2):
 PSYoungGen      total 169984K, used 9965K [0x00000000d5580000, 0x00000000e1980000, 0x0000000100000000)
  eden space 155136K, 0% used [0x00000000d5580000,0x00000000d5580000,0x00000000ded00000)
  from space 14848K, 67% used [0x00000000ded00000,0x00000000df6bb700,0x00000000dfb80000)
  to   space 15360K, 0% used [0x00000000e0a80000,0x00000000e0a80000,0x00000000e1980000)
 ParOldGen       total 42496K, used 23366K [0x0000000080000000, 0x0000000082980000, 0x00000000d5580000)
  object space 42496K, 54% used [0x0000000080000000,0x00000000816d18b8,0x0000000082980000)
 Metaspace       used 57420K, capacity 58894K, committed 59008K, reserved 1099776K
  class space    used 7361K, capacity 7718K, committed 7808K, reserved 1048576K
}
Event: 88.135 GC heap before
{Heap before GC invocations=28 (full 3):
 PSYoungGen      total 169984K, used 9965K [0x00000000d5580000, 0x00000000e1980000, 0x0000000100000000)
  eden space 155136K, 0% used [0x00000000d5580000,0x00000000d5580000,0x00000000ded00000)
  from space 14848K, 67% used [0x00000000ded00000,0x00000000df6bb700,0x00000000dfb80000)
  to   space 15360K, 0% used [0x00000000e0a80000,0x00000000e0a80000,0x00000000e1980000)
 ParOldGen       total 42496K, used 23366K [0x0000000080000000, 0x0000000082980000, 0x00000000d5580000)
  object space 42496K, 54% used [0x0000000080000000,0x00000000816d18b8,0x0000000082980000)
 Metaspace       used 57420K, capacity 58894K, committed 59008K, reserved 1099776K
  class space    used 7361K, capacity 7718K, committed 7808K, reserved 1048576K
Event: 88.297 GC heap after
Heap after GC invocations=28 (full 3):
 PSYoungGen      total 169984K, used 0K [0x00000000d5580000, 0x00000000e1980000, 0x0000000100000000)
  eden space 155136K, 0% used [0x00000000d5580000,0x00000000d5580000,0x00000000ded00000)
  from space 14848K, 0% used [0x00000000ded00000,0x00000000ded00000,0x00000000dfb80000)
  to   space 15360K, 0% used [0x00000000e0a80000,0x00000000e0a80000,0x00000000e1980000)
 ParOldGen       total 62976K, used 27622K [0x0000000080000000, 0x0000000083d80000, 0x00000000d5580000)
  object space 62976K, 43% used [0x0000000080000000,0x0000000081af9930,0x0000000083d80000)
 Metaspace       used 57371K, capacity 58756K, committed 59008K, reserved 1099776K
  class space    used 7347K, capacity 7672K, committed 7808K, reserved 1048576K
}
Event: 90.408 GC heap before
{Heap before GC invocations=29 (full 3):
 PSYoungGen      total 169984K, used 155136K [0x00000000d5580000, 0x00000000e1980000, 0x0000000100000000)
  eden space 155136K, 100% used [0x00000000d5580000,0x00000000ded00000,0x00000000ded00000)
  from space 14848K, 0% used [0x00000000ded00000,0x00000000ded00000,0x00000000dfb80000)
  to   space 15360K, 0% used [0x00000000e0a80000,0x00000000e0a80000,0x00000000e1980000)
 ParOldGen       total 62976K, used 27622K [0x0000000080000000, 0x0000000083d80000, 0x00000000d5580000)
  object space 62976K, 43% used [0x0000000080000000,0x0000000081af9930,0x0000000083d80000)
 Metaspace       used 67024K, capacity 68918K, committed 69248K, reserved 1110016K
  class space    used 8773K, capacity 9220K, committed 9344K, reserved 1048576K
Event: 90.467 GC heap after
Heap after GC invocations=29 (full 3):
 PSYoungGen      total 182272K, used 15332K [0x00000000d5580000, 0x00000000e2400000, 0x0000000100000000)
  eden space 166912K, 0% used [0x00000000d5580000,0x00000000d5580000,0x00000000df880000)
  from space 15360K, 99% used [0x00000000e0a80000,0x00000000e19790a8,0x00000000e1980000)
  to   space 18432K, 0% used [0x00000000df880000,0x00000000df880000,0x00000000e0a80000)
 ParOldGen       total 62976K, used 30372K [0x0000000080000000, 0x0000000083d80000, 0x00000000d5580000)
  object space 62976K, 48% used [0x0000000080000000,0x0000000081da92d0,0x0000000083d80000)
 Metaspace       used 67024K, capacity 68918K, committed 69248K, reserved 1110016K
  class space    used 8773K, capacity 9220K, committed 9344K, reserved 1048576K
}
Event: 6265.060 GC heap before
{Heap before GC invocations=30 (full 3):
 PSYoungGen      total 182272K, used 182244K [0x00000000d5580000, 0x00000000e2400000, 0x0000000100000000)
  eden space 166912K, 100% used [0x00000000d5580000,0x00000000df880000,0x00000000df880000)
  from space 15360K, 99% used [0x00000000e0a80000,0x00000000e19790a8,0x00000000e1980000)
  to   space 18432K, 0% used [0x00000000df880000,0x00000000df880000,0x00000000e0a80000)
 ParOldGen       total 62976K, used 30372K [0x0000000080000000, 0x0000000083d80000, 0x00000000d5580000)
  object space 62976K, 48% used [0x0000000080000000,0x0000000081da92d0,0x0000000083d80000)
 Metaspace       used 72251K, capacity 74434K, committed 74496K, reserved 1114112K
  class space    used 9194K, capacity 9679K, committed 9728K, reserved 1048576K
Event: 6265.087 GC heap after
Heap after GC invocations=30 (full 3):
 PSYoungGen      total 185344K, used 15589K [0x00000000d5580000, 0x00000000e3080000, 0x0000000100000000)
  eden space 166912K, 0% used [0x00000000d5580000,0x00000000d5580000,0x00000000df880000)
  from space 18432K, 84% used [0x00000000df880000,0x00000000e07b94a8,0x00000000e0a80000)
  to   space 19968K, 0% used [0x00000000e1d00000,0x00000000e1d00000,0x00000000e3080000)
 ParOldGen       total 62976K, used 30380K [0x0000000080000000, 0x0000000083d80000, 0x00000000d5580000)
  object space 62976K, 48% used [0x0000000080000000,0x0000000081dab2d0,0x0000000083d80000)
 Metaspace       used 72251K, capacity 74434K, committed 74496K, reserved 1114112K
  class space    used 9194K, capacity 9679K, committed 9728K, reserved 1048576K
}
Event: 6332.688 GC heap before
{Heap before GC invocations=31 (full 3):
 PSYoungGen      total 185344K, used 182501K [0x00000000d5580000, 0x00000000e3080000, 0x0000000100000000)
  eden space 166912K, 100% used [0x00000000d5580000,0x00000000df880000,0x00000000df880000)
  from space 18432K, 84% used [0x00000000df880000,0x00000000e07b94a8,0x00000000e0a80000)
  to   space 19968K, 0% used [0x00000000e1d00000,0x00000000e1d00000,0x00000000e3080000)
 ParOldGen       total 62976K, used 30380K [0x0000000080000000, 0x0000000083d80000, 0x00000000d5580000)
  object space 62976K, 48% used [0x0000000080000000,0x0000000081dab2d0,0x0000000083d80000)
 Metaspace       used 74161K, capacity 76432K, committed 76544K, reserved 1116160K
  class space    used 9393K, capacity 9888K, committed 9984K, reserved 1048576K
Event: 6332.779 GC heap after
Heap after GC invocations=31 (full 3):
 PSYoungGen      total 201728K, used 17076K [0x00000000d5580000, 0x00000000e3100000, 0x0000000100000000)
  eden space 181760K, 0% used [0x00000000d5580000,0x00000000d5580000,0x00000000e0700000)
  from space 19968K, 85% used [0x00000000e1d00000,0x00000000e2dad098,0x00000000e3080000)
  to   space 21504K, 0% used [0x00000000e0700000,0x00000000e0700000,0x00000000e1c00000)
 ParOldGen       total 62976K, used 30388K [0x0000000080000000, 0x0000000083d80000, 0x00000000d5580000)
  object space 62976K, 48% used [0x0000000080000000,0x0000000081dad2d0,0x0000000083d80000)
 Metaspace       used 74161K, capacity 76432K, committed 76544K, reserved 1116160K
  class space    used 9393K, capacity 9888K, committed 9984K, reserved 1048576K
}
Event: 6334.628 GC heap before
{Heap before GC invocations=32 (full 3):
 PSYoungGen      total 201728K, used 198836K [0x00000000d5580000, 0x00000000e3100000, 0x0000000100000000)
  eden space 181760K, 100% used [0x00000000d5580000,0x00000000e0700000,0x00000000e0700000)
  from space 19968K, 85% used [0x00000000e1d00000,0x00000000e2dad098,0x00000000e3080000)
  to   space 21504K, 0% used [0x00000000e0700000,0x00000000e0700000,0x00000000e1c00000)
 ParOldGen       total 62976K, used 30388K [0x0000000080000000, 0x0000000083d80000, 0x00000000d5580000)
  object space 62976K, 48% used [0x0000000080000000,0x0000000081dad2d0,0x0000000083d80000)
 Metaspace       used 75902K, capacity 78458K, committed 78592K, reserved 1118208K
  class space    used 9622K, capacity 10145K, committed 10240K, reserved 1048576K
Event: 6334.653 GC heap after
Heap after GC invocations=32 (full 3):
 PSYoungGen      total 203264K, used 21499K [0x00000000d5580000, 0x00000000e4800000, 0x0000000100000000)
  eden space 181760K, 0% used [0x00000000d5580000,0x00000000d5580000,0x00000000e0700000)
  from space 21504K, 99% used [0x00000000e0700000,0x00000000e1bfeed0,0x00000000e1c00000)
  to   space 25088K, 0% used [0x00000000e2f80000,0x00000000e2f80000,0x00000000e4800000)
 ParOldGen       total 62976K, used 32139K [0x0000000080000000, 0x0000000083d80000, 0x00000000d5580000)
  object space 62976K, 51% used [0x0000000080000000,0x0000000081f62ca0,0x0000000083d80000)
 Metaspace       used 75902K, capacity 78458K, committed 78592K, reserved 1118208K
  class space    used 9622K, capacity 10145K, committed 10240K, reserved 1048576K
}
Event: 6335.682 GC heap before
{Heap before GC invocations=33 (full 3):
 PSYoungGen      total 203264K, used 203259K [0x00000000d5580000, 0x00000000e4800000, 0x0000000100000000)
  eden space 181760K, 100% used [0x00000000d5580000,0x00000000e0700000,0x00000000e0700000)
  from space 21504K, 99% used [0x00000000e0700000,0x00000000e1bfeed0,0x00000000e1c00000)
  to   space 25088K, 0% used [0x00000000e2f80000,0x00000000e2f80000,0x00000000e4800000)
 ParOldGen       total 62976K, used 32139K [0x0000000080000000, 0x0000000083d80000, 0x00000000d5580000)
  object space 62976K, 51% used [0x0000000080000000,0x0000000081f62ca0,0x0000000083d80000)
 Metaspace       used 76014K, capacity 78598K, committed 78848K, reserved 1118208K
  class space    used 9628K, capacity 10155K, committed 10240K, reserved 1048576K
Event: 6335.732 GC heap after
Heap after GC invocations=33 (full 3):
 PSYoungGen      total 221184K, used 20741K [0x00000000d5580000, 0x00000000e5200000, 0x0000000100000000)
  eden space 196096K, 0% used [0x00000000d5580000,0x00000000d5580000,0x00000000e1500000)
  from space 25088K, 82% used [0x00000000e2f80000,0x00000000e43c1490,0x00000000e4800000)
  to   space 27136K, 0% used [0x00000000e1500000,0x00000000e1500000,0x00000000e2f80000)
 ParOldGen       total 62976K, used 32147K [0x0000000080000000, 0x0000000083d80000, 0x00000000d5580000)
  object space 62976K, 51% used [0x0000000080000000,0x0000000081f64ca0,0x0000000083d80000)
 Metaspace       used 76014K, capacity 78598K, committed 78848K, reserved 1118208K
  class space    used 9628K, capacity 10155K, committed 10240K, reserved 1048576K
}
Event: 6337.167 GC heap before
{Heap before GC invocations=34 (full 3):
 PSYoungGen      total 221184K, used 216837K [0x00000000d5580000, 0x00000000e5200000, 0x0000000100000000)
  eden space 196096K, 100% used [0x00000000d5580000,0x00000000e1500000,0x00000000e1500000)
  from space 25088K, 82% used [0x00000000e2f80000,0x00000000e43c1490,0x00000000e4800000)
  to   space 27136K, 0% used [0x00000000e1500000,0x00000000e1500000,0x00000000e2f80000)
 ParOldGen       total 62976K, used 32147K [0x0000000080000000, 0x0000000083d80000, 0x00000000d5580000)
  object space 62976K, 51% used [0x0000000080000000,0x0000000081f64ca0,0x0000000083d80000)
 Metaspace       used 76149K, capacity 78758K, committed 78848K, reserved 1118208K
  class space    used 9629K, capacity 10155K, committed 10240K, reserved 1048576K
Event: 6337.192 GC heap after
Heap after GC invocations=34 (full 3):
 PSYoungGen      total 223232K, used 23860K [0x00000000d5580000, 0x00000000e6700000, 0x0000000100000000)
  eden space 196096K, 0% used [0x00000000d5580000,0x00000000d5580000,0x00000000e1500000)
  from space 27136K, 87% used [0x00000000e1500000,0x00000000e2c4d158,0x00000000e2f80000)
  to   space 30208K, 0% used [0x00000000e4980000,0x00000000e4980000,0x00000000e6700000)
 ParOldGen       total 62976K, used 32155K [0x0000000080000000, 0x0000000083d80000, 0x00000000d5580000)
  object space 62976K, 51% used [0x0000000080000000,0x0000000081f66ca0,0x0000000083d80000)
 Metaspace       used 76149K, capacity 78758K, committed 78848K, reserved 1118208K
  class space    used 9629K, capacity 10155K, committed 10240K, reserved 1048576K
}
Event: 6339.398 GC heap before
{Heap before GC invocations=35 (full 3):
 PSYoungGen      total 223232K, used 219956K [0x00000000d5580000, 0x00000000e6700000, 0x0000000100000000)
  eden space 196096K, 100% used [0x00000000d5580000,0x00000000e1500000,0x00000000e1500000)
  from space 27136K, 87% used [0x00000000e1500000,0x00000000e2c4d158,0x00000000e2f80000)
  to   space 30208K, 0% used [0x00000000e4980000,0x00000000e4980000,0x00000000e6700000)
 ParOldGen       total 62976K, used 32155K [0x0000000080000000, 0x0000000083d80000, 0x00000000d5580000)
  object space 62976K, 51% used [0x0000000080000000,0x0000000081f66ca0,0x0000000083d80000)
 Metaspace       used 76384K, capacity 79148K, committed 79360K, reserved 1118208K
  class space    used 9641K, capacity 10192K, committed 10240K, reserved 1048576K
Event: 6339.448 GC heap after
Heap after GC invocations=35 (full 3):
 PSYoungGen      total 248832K, used 21060K [0x00000000d5580000, 0x00000000e6900000, 0x0000000100000000)
  eden space 218624K, 0% used [0x00000000d5580000,0x00000000d5580000,0x00000000e2b00000)
  from space 30208K, 69% used [0x00000000e4980000,0x00000000e5e11088,0x00000000e6700000)
  to   space 31232K, 0% used [0x00000000e2b00000,0x00000000e2b00000,0x00000000e4980000)
 ParOldGen       total 62976K, used 32163K [0x0000000080000000, 0x0000000083d80000, 0x00000000d5580000)
  object space 62976K, 51% used [0x0000000080000000,0x0000000081f68ca0,0x0000000083d80000)
 Metaspace       used 76384K, capacity 79148K, committed 79360K, reserved 1118208K
  class space    used 9641K, capacity 10192K, committed 10240K, reserved 1048576K
}
Event: 6347.467 GC heap before
{Heap before GC invocations=36 (full 3):
 PSYoungGen      total 248832K, used 239684K [0x00000000d5580000, 0x00000000e6900000, 0x0000000100000000)
  eden space 218624K, 100% used [0x00000000d5580000,0x00000000e2b00000,0x00000000e2b00000)
  from space 30208K, 69% used [0x00000000e4980000,0x00000000e5e11088,0x00000000e6700000)
  to   space 31232K, 0% used [0x00000000e2b00000,0x00000000e2b00000,0x00000000e4980000)
 ParOldGen       total 62976K, used 32163K [0x0000000080000000, 0x0000000083d80000, 0x00000000d5580000)
  object space 62976K, 51% used [0x0000000080000000,0x0000000081f68ca0,0x0000000083d80000)
 Metaspace       used 80517K, capacity 83406K, committed 83584K, reserved 1122304K
  class space    used 10219K, capacity 10817K, committed 10880K, reserved 1048576K
Event: 6347.634 GC heap after
Heap after GC invocations=36 (full 3):
 PSYoungGen      total 249856K, used 29867K [0x00000000d5580000, 0x00000000e8580000, 0x0000000100000000)
  eden space 218624K, 0% used [0x00000000d5580000,0x00000000d5580000,0x00000000e2b00000)
  from space 31232K, 95% used [0x00000000e2b00000,0x00000000e482af30,0x00000000e4980000)
  to   space 35328K, 0% used [0x00000000e6300000,0x00000000e6300000,0x00000000e8580000)
 ParOldGen       total 62976K, used 32171K [0x0000000080000000, 0x0000000083d80000, 0x00000000d5580000)
  object space 62976K, 51% used [0x0000000080000000,0x0000000081f6aca0,0x0000000083d80000)
 Metaspace       used 80517K, capacity 83406K, committed 83584K, reserved 1122304K
  class space    used 10219K, capacity 10817K, committed 10880K, reserved 1048576K
}
Event: 6353.036 GC heap before
{Heap before GC invocations=37 (full 3):
 PSYoungGen      total 249856K, used 248491K [0x00000000d5580000, 0x00000000e8580000, 0x0000000100000000)
  eden space 218624K, 100% used [0x00000000d5580000,0x00000000e2b00000,0x00000000e2b00000)
  from space 31232K, 95% used [0x00000000e2b00000,0x00000000e482af30,0x00000000e4980000)
  to   space 35328K, 0% used [0x00000000e6300000,0x00000000e6300000,0x00000000e8580000)
 ParOldGen       total 62976K, used 32171K [0x0000000080000000, 0x0000000083d80000, 0x00000000d5580000)
  object space 62976K, 51% used [0x0000000080000000,0x0000000081f6aca0,0x0000000083d80000)
 Metaspace       used 82831K, capacity 85778K, committed 85888K, reserved 1124352K
  class space    used 10486K, capacity 11045K, committed 11136K, reserved 1048576K
Event: 6353.178 GC heap after
Heap after GC invocations=37 (full 3):
 PSYoungGen      total 273408K, used 27664K [0x00000000d5580000, 0x00000000e8a80000, 0x0000000100000000)
  eden space 238080K, 0% used [0x00000000d5580000,0x00000000d5580000,0x00000000e3e00000)
  from space 35328K, 78% used [0x00000000e6300000,0x00000000e7e040e0,0x00000000e8580000)
  to   space 37888K, 0% used [0x00000000e3e00000,0x00000000e3e00000,0x00000000e6300000)
 ParOldGen       total 62976K, used 32179K [0x0000000080000000, 0x0000000083d80000, 0x00000000d5580000)
  object space 62976K, 51% used [0x0000000080000000,0x0000000081f6cca0,0x0000000083d80000)
 Metaspace       used 82831K, capacity 85778K, committed 85888K, reserved 1124352K
  class space    used 10486K, capacity 11045K, committed 11136K, reserved 1048576K
}
Event: 6357.337 GC heap before
{Heap before GC invocations=38 (full 3):
 PSYoungGen      total 273408K, used 265744K [0x00000000d5580000, 0x00000000e8a80000, 0x0000000100000000)
  eden space 238080K, 100% used [0x00000000d5580000,0x00000000e3e00000,0x00000000e3e00000)
  from space 35328K, 78% used [0x00000000e6300000,0x00000000e7e040e0,0x00000000e8580000)
  to   space 37888K, 0% used [0x00000000e3e00000,0x00000000e3e00000,0x00000000e6300000)
 ParOldGen       total 62976K, used 32179K [0x0000000080000000, 0x0000000083d80000, 0x00000000d5580000)
  object space 62976K, 51% used [0x0000000080000000,0x0000000081f6cca0,0x0000000083d80000)
 Metaspace       used 82881K, capacity 85778K, committed 85888K, reserved 1124352K
  class space    used 10486K, capacity 11045K, committed 11136K, reserved 1048576K
Event: 6357.393 GC heap after
Heap after GC invocations=38 (full 3):
 PSYoungGen      total 275968K, used 37881K [0x00000000d5580000, 0x00000000ea900000, 0x0000000100000000)
  eden space 238080K, 0% used [0x00000000d5580000,0x00000000d5580000,0x00000000e3e00000)
  from space 37888K, 99% used [0x00000000e3e00000,0x00000000e62fe530,0x00000000e6300000)
  to   space 43520K, 0% used [0x00000000e7e80000,0x00000000e7e80000,0x00000000ea900000)
 ParOldGen       total 62976K, used 33143K [0x0000000080000000, 0x0000000083d80000, 0x00000000d5580000)
  object space 62976K, 52% used [0x0000000080000000,0x000000008205ddd0,0x0000000083d80000)
 Metaspace       used 82881K, capacity 85778K, committed 85888K, reserved 1124352K
  class space    used 10486K, capacity 11045K, committed 11136K, reserved 1048576K
}
Event: 6360.033 GC heap before
{Heap before GC invocations=39 (full 3):
 PSYoungGen      total 275968K, used 275961K [0x00000000d5580000, 0x00000000ea900000, 0x0000000100000000)
  eden space 238080K, 100% used [0x00000000d5580000,0x00000000e3e00000,0x00000000e3e00000)
  from space 37888K, 99% used [0x00000000e3e00000,0x00000000e62fe530,0x00000000e6300000)
  to   space 43520K, 0% used [0x00000000e7e80000,0x00000000e7e80000,0x00000000ea900000)
 ParOldGen       total 62976K, used 33143K [0x0000000080000000, 0x0000000083d80000, 0x00000000d5580000)
  object space 62976K, 52% used [0x0000000080000000,0x000000008205ddd0,0x0000000083d80000)
 Metaspace       used 82900K, capacity 85842K, committed 86144K, reserved 1124352K
  class space    used 10486K, capacity 11045K, committed 11136K, reserved 1048576K
Event: 6360.165 GC heap after
Heap after GC invocations=39 (full 3):
 PSYoungGen      total 299008K, used 39629K [0x00000000d5580000, 0x00000000eb800000, 0x0000000100000000)
  eden space 255488K, 0% used [0x00000000d5580000,0x00000000d5580000,0x00000000e4f00000)
  from space 43520K, 91% used [0x00000000e7e80000,0x00000000ea533498,0x00000000ea900000)
  to   space 48640K, 0% used [0x00000000e4f00000,0x00000000e4f00000,0x00000000e7e80000)
 ParOldGen       total 62976K, used 33151K [0x0000000080000000, 0x0000000083d80000, 0x00000000d5580000)
  object space 62976K, 52% used [0x0000000080000000,0x000000008205fdd0,0x0000000083d80000)
 Metaspace       used 82900K, capacity 85842K, committed 86144K, reserved 1124352K
  class space    used 10486K, capacity 11045K, committed 11136K, reserved 1048576K
}
Event: 6361.843 GC heap before
{Heap before GC invocations=40 (full 3):
 PSYoungGen      total 299008K, used 295117K [0x00000000d5580000, 0x00000000eb800000, 0x0000000100000000)
  eden space 255488K, 100% used [0x00000000d5580000,0x00000000e4f00000,0x00000000e4f00000)
  from space 43520K, 91% used [0x00000000e7e80000,0x00000000ea533498,0x00000000ea900000)
  to   space 48640K, 0% used [0x00000000e4f00000,0x00000000e4f00000,0x00000000e7e80000)
 ParOldGen       total 62976K, used 33151K [0x0000000080000000, 0x0000000083d80000, 0x00000000d5580000)
  object space 62976K, 52% used [0x0000000080000000,0x000000008205fdd0,0x0000000083d80000)
 Metaspace       used 82900K, capacity 85842K, committed 86144K, reserved 1124352K
  class space    used 10486K, capacity 11045K, committed 11136K, reserved 1048576K
Event: 6361.882 GC heap after
Heap after GC invocations=40 (full 3):
 PSYoungGen      total 304128K, used 39537K [0x00000000d5580000, 0x00000000ed200000, 0x0000000100000000)
  eden space 255488K, 0% used [0x00000000d5580000,0x00000000d5580000,0x00000000e4f00000)
  from space 48640K, 81% used [0x00000000e4f00000,0x00000000e759c4d8,0x00000000e7e80000)
  to   space 52736K, 0% used [0x00000000e9e80000,0x00000000e9e80000,0x00000000ed200000)
 ParOldGen       total 62976K, used 33151K [0x0000000080000000, 0x0000000083d80000, 0x00000000d5580000)
  object space 62976K, 52% used [0x0000000080000000,0x000000008205fdd0,0x0000000083d80000)
 Metaspace       used 82900K, capacity 85842K, committed 86144K, reserved 1124352K
  class space    used 10486K, capacity 11045K, committed 11136K, reserved 1048576K
}
Event: 6365.036 GC heap before
{Heap before GC invocations=41 (full 3):
 PSYoungGen      total 304128K, used 295025K [0x00000000d5580000, 0x00000000ed200000, 0x0000000100000000)
  eden space 255488K, 100% used [0x00000000d5580000,0x00000000e4f00000,0x00000000e4f00000)
  from space 48640K, 81% used [0x00000000e4f00000,0x00000000e759c4d8,0x00000000e7e80000)
  to   space 52736K, 0% used [0x00000000e9e80000,0x00000000e9e80000,0x00000000ed200000)
 ParOldGen       total 62976K, used 33151K [0x0000000080000000, 0x0000000083d80000, 0x00000000d5580000)
  object space 62976K, 52% used [0x0000000080000000,0x000000008205fdd0,0x0000000083d80000)
 Metaspace       used 84107K, capacity 87080K, committed 87296K, reserved 1126400K
  class space    used 10661K, capacity 11252K, committed 11264K, reserved 1048576K
Event: 6365.268 GC heap after
Heap after GC invocations=41 (full 3):
 PSYoungGen      total 330240K, used 48393K [0x00000000d5580000, 0x00000000ee400000, 0x0000000100000000)
  eden space 277504K, 0% used [0x00000000d5580000,0x00000000d5580000,0x00000000e6480000)
  from space 52736K, 91% used [0x00000000e9e80000,0x00000000ecdc26f8,0x00000000ed200000)
  to   space 59392K, 0% used [0x00000000e6480000,0x00000000e6480000,0x00000000e9e80000)
 ParOldGen       total 62976K, used 33159K [0x0000000080000000, 0x0000000083d80000, 0x00000000d5580000)
  object space 62976K, 52% used [0x0000000080000000,0x0000000082061dd0,0x0000000083d80000)
 Metaspace       used 84107K, capacity 87080K, committed 87296K, reserved 1126400K
  class space    used 10661K, capacity 11252K, committed 11264K, reserved 1048576K
}
Event: 6367.104 GC heap before
{Heap before GC invocations=42 (full 3):
 PSYoungGen      total 330240K, used 325897K [0x00000000d5580000, 0x00000000ee400000, 0x0000000100000000)
  eden space 277504K, 100% used [0x00000000d5580000,0x00000000e6480000,0x00000000e6480000)
  from space 52736K, 91% used [0x00000000e9e80000,0x00000000ecdc26f8,0x00000000ed200000)
  to   space 59392K, 0% used [0x00000000e6480000,0x00000000e6480000,0x00000000e9e80000)
 ParOldGen       total 62976K, used 33159K [0x0000000080000000, 0x0000000083d80000, 0x00000000d5580000)
  object space 62976K, 52% used [0x0000000080000000,0x0000000082061dd0,0x0000000083d80000)
 Metaspace       used 84967K, capacity 87928K, committed 88192K, reserved 1126400K
  class space    used 10737K, capacity 11318K, committed 11392K, reserved 1048576K
Event: 6367.141 GC heap after
Heap after GC invocations=42 (full 3):
 PSYoungGen      total 336896K, used 42367K [0x00000000d5580000, 0x00000000eff80000, 0x0000000100000000)
  eden space 277504K, 0% used [0x00000000d5580000,0x00000000d5580000,0x00000000e6480000)
  from space 59392K, 71% used [0x00000000e6480000,0x00000000e8ddfc08,0x00000000e9e80000)
  to   space 61952K, 0% used [0x00000000ec300000,0x00000000ec300000,0x00000000eff80000)
 ParOldGen       total 62976K, used 33167K [0x0000000080000000, 0x0000000083d80000, 0x00000000d5580000)
  object space 62976K, 52% used [0x0000000080000000,0x0000000082063dd0,0x0000000083d80000)
 Metaspace       used 84967K, capacity 87928K, committed 88192K, reserved 1126400K
  class space    used 10737K, capacity 11318K, committed 11392K, reserved 1048576K
}
Event: 6367.582 GC heap before
{Heap before GC invocations=43 (full 3):
 PSYoungGen      total 336896K, used 319871K [0x00000000d5580000, 0x00000000eff80000, 0x0000000100000000)
  eden space 277504K, 100% used [0x00000000d5580000,0x00000000e6480000,0x00000000e6480000)
  from space 59392K, 71% used [0x00000000e6480000,0x00000000e8ddfc08,0x00000000e9e80000)
  to   space 61952K, 0% used [0x00000000ec300000,0x00000000ec300000,0x00000000eff80000)
 ParOldGen       total 62976K, used 33167K [0x0000000080000000, 0x0000000083d80000, 0x00000000d5580000)
  object space 62976K, 52% used [0x0000000080000000,0x0000000082063dd0,0x0000000083d80000)
 Metaspace       used 85020K, capacity 87992K, committed 88192K, reserved 1126400K
  class space    used 10737K, capacity 11318K, committed 11392K, reserved 1048576K
Event: 6367.660 GC heap after
Heap after GC invocations=43 (full 3):
 PSYoungGen      total 375808K, used 32841K [0x00000000d5580000, 0x00000000f0780000, 0x0000000100000000)
  eden space 313856K, 0% used [0x00000000d5580000,0x00000000d5580000,0x00000000e8800000)
  from space 61952K, 53% used [0x00000000ec300000,0x00000000ee312538,0x00000000eff80000)
  to   space 60416K, 0% used [0x00000000e8800000,0x00000000e8800000,0x00000000ec300000)
 ParOldGen       total 62976K, used 41031K [0x0000000080000000, 0x0000000083d80000, 0x00000000d5580000)
  object space 62976K, 65% used [0x0000000080000000,0x0000000082811d00,0x0000000083d80000)
 Metaspace       used 85020K, capacity 87992K, committed 88192K, reserved 1126400K
  class space    used 10737K, capacity 11318K, committed 11392K, reserved 1048576K
}
Event: 6368.125 GC heap before
{Heap before GC invocations=44 (full 3):
 PSYoungGen      total 375808K, used 346697K [0x00000000d5580000, 0x00000000f0780000, 0x0000000100000000)
  eden space 313856K, 100% used [0x00000000d5580000,0x00000000e8800000,0x00000000e8800000)
  from space 61952K, 53% used [0x00000000ec300000,0x00000000ee312538,0x00000000eff80000)
  to   space 60416K, 0% used [0x00000000e8800000,0x00000000e8800000,0x00000000ec300000)
 ParOldGen       total 62976K, used 41031K [0x0000000080000000, 0x0000000083d80000, 0x00000000d5580000)
  object space 62976K, 65% used [0x0000000080000000,0x0000000082811d00,0x0000000083d80000)
 Metaspace       used 85040K, capacity 87998K, committed 88192K, reserved 1126400K
  class space    used 10738K, capacity 11319K, committed 11392K, reserved 1048576K
Event: 6368.162 GC heap after
Heap after GC invocations=44 (full 3):
 PSYoungGen      total 374272K, used 31078K [0x00000000d5580000, 0x00000000f2780000, 0x0000000100000000)
  eden space 313856K, 0% used [0x00000000d5580000,0x00000000d5580000,0x00000000e8800000)
  from space 60416K, 51% used [0x00000000e8800000,0x00000000ea659870,0x00000000ec300000)
  to   space 58368K, 0% used [0x00000000eee80000,0x00000000eee80000,0x00000000f2780000)
 ParOldGen       total 62976K, used 47978K [0x0000000080000000, 0x0000000083d80000, 0x00000000d5580000)
  object space 62976K, 76% used [0x0000000080000000,0x0000000082eda988,0x0000000083d80000)
 Metaspace       used 85040K, capacity 87998K, committed 88192K, reserved 1126400K
  class space    used 10738K, capacity 11319K, committed 11392K, reserved 1048576K
}
Event: 6368.935 GC heap before
{Heap before GC invocations=45 (full 3):
 PSYoungGen      total 374272K, used 344934K [0x00000000d5580000, 0x00000000f2780000, 0x0000000100000000)
  eden space 313856K, 100% used [0x00000000d5580000,0x00000000e8800000,0x00000000e8800000)
  from space 60416K, 51% used [0x00000000e8800000,0x00000000ea659870,0x00000000ec300000)
  to   space 58368K, 0% used [0x00000000eee80000,0x00000000eee80000,0x00000000f2780000)
 ParOldGen       total 62976K, used 47978K [0x0000000080000000, 0x0000000083d80000, 0x00000000d5580000)
  object space 62976K, 76% used [0x0000000080000000,0x0000000082eda988,0x0000000083d80000)
 Metaspace       used 85426K, capacity 88374K, committed 88576K, reserved 1126400K
  class space    used 10801K, capacity 11395K, committed 11520K, reserved 1048576K
Event: 6368.979 GC heap after
Heap after GC invocations=45 (full 3):
 PSYoungGen      total 414720K, used 21860K [0x00000000d5580000, 0x00000000f2400000, 0x0000000100000000)
  eden space 359936K, 0% used [0x00000000d5580000,0x00000000d5580000,0x00000000eb500000)
  from space 54784K, 39% used [0x00000000eee80000,0x00000000f03d9318,0x00000000f2400000)
  to   space 56832K, 0% used [0x00000000eb500000,0x00000000eb500000,0x00000000eec80000)
 ParOldGen       total 62976K, used 51538K [0x0000000080000000, 0x0000000083d80000, 0x00000000d5580000)
  object space 62976K, 81% used [0x0000000080000000,0x0000000083254ba0,0x0000000083d80000)
 Metaspace       used 85426K, capacity 88374K, committed 88576K, reserved 1126400K
  class space    used 10801K, capacity 11395K, committed 11520K, reserved 1048576K
}
Event: 6376.179 GC heap before
{Heap before GC invocations=46 (full 3):
 PSYoungGen      total 414720K, used 381796K [0x00000000d5580000, 0x00000000f2400000, 0x0000000100000000)
  eden space 359936K, 100% used [0x00000000d5580000,0x00000000eb500000,0x00000000eb500000)
  from space 54784K, 39% used [0x00000000eee80000,0x00000000f03d9318,0x00000000f2400000)
  to   space 56832K, 0% used [0x00000000eb500000,0x00000000eb500000,0x00000000eec80000)
 ParOldGen       total 62976K, used 51538K [0x0000000080000000, 0x0000000083d80000, 0x00000000d5580000)
  object space 62976K, 81% used [0x0000000080000000,0x0000000083254ba0,0x0000000083d80000)
 Metaspace       used 90856K, capacity 94126K, committed 94336K, reserved 1132544K
  class space    used 11468K, capacity 12093K, committed 12160K, reserved 1048576K
Event: 6376.208 GC heap after
Heap after GC invocations=46 (full 3):
 PSYoungGen      total 416768K, used 28651K [0x00000000d5580000, 0x00000000f4e00000, 0x0000000100000000)
  eden space 359936K, 0% used [0x00000000d5580000,0x00000000d5580000,0x00000000eb500000)
  from space 56832K, 50% used [0x00000000eb500000,0x00000000ed0fad08,0x00000000eec80000)
  to   space 54272K, 0% used [0x00000000f1900000,0x00000000f1900000,0x00000000f4e00000)
 ParOldGen       total 62976K, used 53576K [0x0000000080000000, 0x0000000083d80000, 0x00000000d5580000)
  object space 62976K, 85% used [0x0000000080000000,0x0000000083452010,0x0000000083d80000)
 Metaspace       used 90856K, capacity 94126K, committed 94336K, reserved 1132544K
  class space    used 11468K, capacity 12093K, committed 12160K, reserved 1048576K
}
Event: 6381.236 GC heap before
{Heap before GC invocations=47 (full 3):
 PSYoungGen      total 416768K, used 324540K [0x00000000d5580000, 0x00000000f4e00000, 0x0000000100000000)
  eden space 359936K, 82% used [0x00000000d5580000,0x00000000e76745b8,0x00000000eb500000)
  from space 56832K, 50% used [0x00000000eb500000,0x00000000ed0fad08,0x00000000eec80000)
  to   space 54272K, 0% used [0x00000000f1900000,0x00000000f1900000,0x00000000f4e00000)
 ParOldGen       total 62976K, used 53576K [0x0000000080000000, 0x0000000083d80000, 0x00000000d5580000)
  object space 62976K, 85% used [0x0000000080000000,0x0000000083452010,0x0000000083d80000)
 Metaspace       used 94907K, capacity 98258K, committed 98348K, reserved 1134592K
  class space    used 12021K, capacity 12645K, committed 12672K, reserved 1048576K
Event: 6381.337 GC heap after
Heap after GC invocations=47 (full 3):
 PSYoungGen      total 451072K, used 26669K [0x00000000d5580000, 0x00000000f4600000, 0x0000000100000000)
  eden space 404992K, 0% used [0x00000000d5580000,0x00000000d5580000,0x00000000ee100000)
  from space 46080K, 57% used [0x00000000f1900000,0x00000000f330b6e8,0x00000000f4600000)
  to   space 51712K, 0% used [0x00000000ee100000,0x00000000ee100000,0x00000000f1380000)
 ParOldGen       total 62976K, used 59478K [0x0000000080000000, 0x0000000083d80000, 0x00000000d5580000)
  object space 62976K, 94% used [0x0000000080000000,0x0000000083a15ae0,0x0000000083d80000)
 Metaspace       used 94907K, capacity 98258K, committed 98348K, reserved 1134592K
  class space    used 12021K, capacity 12645K, committed 12672K, reserved 1048576K
}
Event: 6381.337 GC heap before
{Heap before GC invocations=48 (full 4):
 PSYoungGen      total 451072K, used 26669K [0x00000000d5580000, 0x00000000f4600000, 0x0000000100000000)
  eden space 404992K, 0% used [0x00000000d5580000,0x00000000d5580000,0x00000000ee100000)
  from space 46080K, 57% used [0x00000000f1900000,0x00000000f330b6e8,0x00000000f4600000)
  to   space 51712K, 0% used [0x00000000ee100000,0x00000000ee100000,0x00000000f1380000)
 ParOldGen       total 62976K, used 59478K [0x0000000080000000, 0x0000000083d80000, 0x00000000d5580000)
  object space 62976K, 94% used [0x0000000080000000,0x0000000083a15ae0,0x0000000083d80000)
 Metaspace       used 94907K, capacity 98258K, committed 98348K, reserved 1134592K
  class space    used 12021K, capacity 12645K, committed 12672K, reserved 1048576K
Event: 6382.248 GC heap after
Heap after GC invocations=48 (full 4):
 PSYoungGen      total 451072K, used 0K [0x00000000d5580000, 0x00000000f4600000, 0x0000000100000000)
  eden space 404992K, 0% used [0x00000000d5580000,0x00000000d5580000,0x00000000ee100000)
  from space 46080K, 0% used [0x00000000f1900000,0x00000000f1900000,0x00000000f4600000)
  to   space 51712K, 0% used [0x00000000ee100000,0x00000000ee100000,0x00000000f1380000)
 ParOldGen       total 108544K, used 62028K [0x0000000080000000, 0x0000000086a00000, 0x00000000d5580000)
  object space 108544K, 57% used [0x0000000080000000,0x0000000083c932b0,0x0000000086a00000)
 Metaspace       used 94670K, capacity 97838K, committed 98348K, reserved 1134592K
  class space    used 11973K, capacity 12557K, committed 12672K, reserved 1048576K
}
Event: 6396.646 GC heap before
{Heap before GC invocations=49 (full 4):
 PSYoungGen      total 451072K, used 404992K [0x00000000d5580000, 0x00000000f4600000, 0x0000000100000000)
  eden space 404992K, 100% used [0x00000000d5580000,0x00000000ee100000,0x00000000ee100000)
  from space 46080K, 0% used [0x00000000f1900000,0x00000000f1900000,0x00000000f4600000)
  to   space 51712K, 0% used [0x00000000ee100000,0x00000000ee100000,0x00000000f1380000)
 ParOldGen       total 108544K, used 62028K [0x0000000080000000, 0x0000000086a00000, 0x00000000d5580000)
  object space 108544K, 57% used [0x0000000080000000,0x0000000083c932b0,0x0000000086a00000)
 Metaspace       used 95487K, capacity 98798K, committed 99072K, reserved 1136640K
  class space    used 12090K, capacity 12739K, committed 12800K, reserved 1048576K
Event: 6396.797 GC heap after
Heap after GC invocations=49 (full 4):
 PSYoungGen      total 456704K, used 1168K [0x00000000d5580000, 0x00000000f7d00000, 0x0000000100000000)
  eden space 404992K, 0% used [0x00000000d5580000,0x00000000d5580000,0x00000000ee100000)
  from space 51712K, 2% used [0x00000000ee100000,0x00000000ee224118,0x00000000f1380000)
  to   space 53760K, 0% used [0x00000000f4880000,0x00000000f4880000,0x00000000f7d00000)
 ParOldGen       total 108544K, used 62036K [0x0000000080000000, 0x0000000086a00000, 0x00000000d5580000)
  object space 108544K, 57% used [0x0000000080000000,0x0000000083c952b0,0x0000000086a00000)
 Metaspace       used 95487K, capacity 98798K, committed 99072K, reserved 1136640K
  class space    used 12090K, capacity 12739K, committed 12800K, reserved 1048576K
}
Event: 6400.584 GC heap before
{Heap before GC invocations=50 (full 4):
 PSYoungGen      total 456704K, used 406160K [0x00000000d5580000, 0x00000000f7d00000, 0x0000000100000000)
  eden space 404992K, 100% used [0x00000000d5580000,0x00000000ee100000,0x00000000ee100000)
  from space 51712K, 2% used [0x00000000ee100000,0x00000000ee224118,0x00000000f1380000)
  to   space 53760K, 0% used [0x00000000f4880000,0x00000000f4880000,0x00000000f7d00000)
 ParOldGen       total 108544K, used 62036K [0x0000000080000000, 0x0000000086a00000, 0x00000000d5580000)
  object space 108544K, 57% used [0x0000000080000000,0x0000000083c952b0,0x0000000086a00000)
 Metaspace       used 100861K, capacity 104266K, committed 104448K, reserved 1140736K
  class space    used 12759K, capacity 13465K, committed 13568K, reserved 1048576K
Event: 6400.634 GC heap after
Heap after GC invocations=50 (full 4):
 PSYoungGen      total 501760K, used 10077K [0x00000000d5580000, 0x00000000f7800000, 0x0000000100000000)
  eden space 453120K, 0% used [0x00000000d5580000,0x00000000d5580000,0x00000000f1000000)
  from space 48640K, 20% used [0x00000000f4880000,0x00000000f5257740,0x00000000f7800000)
  to   space 53248K, 0% used [0x00000000f1000000,0x00000000f1000000,0x00000000f4400000)
 ParOldGen       total 108544K, used 62044K [0x0000000080000000, 0x0000000086a00000, 0x00000000d5580000)
  object space 108544K, 57% used [0x0000000080000000,0x0000000083c972b0,0x0000000086a00000)
 Metaspace       used 100861K, capacity 104266K, committed 104448K, reserved 1140736K
  class space    used 12759K, capacity 13465K, committed 13568K, reserved 1048576K
}
Event: 6414.362 GC heap before
{Heap before GC invocations=51 (full 4):
 PSYoungGen      total 501760K, used 463197K [0x00000000d5580000, 0x00000000f7800000, 0x0000000100000000)
  eden space 453120K, 100% used [0x00000000d5580000,0x00000000f1000000,0x00000000f1000000)
  from space 48640K, 20% used [0x00000000f4880000,0x00000000f5257740,0x00000000f7800000)
  to   space 53248K, 0% used [0x00000000f1000000,0x00000000f1000000,0x00000000f4400000)
 ParOldGen       total 108544K, used 62044K [0x0000000080000000, 0x0000000086a00000, 0x00000000d5580000)
  object space 108544K, 57% used [0x0000000080000000,0x0000000083c972b0,0x0000000086a00000)
 Metaspace       used 100883K, capacity 104342K, committed 104704K, reserved 1140736K
  class space    used 12761K, capacity 13467K, committed 13568K, reserved 1048576K
Event: 6414.402 GC heap after
Heap after GC invocations=51 (full 4):
 PSYoungGen      total 506368K, used 21072K [0x00000000d5580000, 0x00000000fa100000, 0x0000000100000000)
  eden space 453120K, 0% used [0x00000000d5580000,0x00000000d5580000,0x00000000f1000000)
  from space 53248K, 39% used [0x00000000f1000000,0x00000000f24941b8,0x00000000f4400000)
  to   space 50688K, 0% used [0x00000000f6f80000,0x00000000f6f80000,0x00000000fa100000)
 ParOldGen       total 108544K, used 62044K [0x0000000080000000, 0x0000000086a00000, 0x00000000d5580000)
  object space 108544K, 57% used [0x0000000080000000,0x0000000083c972b0,0x0000000086a00000)
 Metaspace       used 100883K, capacity 104342K, committed 104704K, reserved 1140736K
  class space    used 12761K, capacity 13467K, committed 13568K, reserved 1048576K
}
Event: 7113.988 GC heap before
{Heap before GC invocations=52 (full 4):
 PSYoungGen      total 506368K, used 474192K [0x00000000d5580000, 0x00000000fa100000, 0x0000000100000000)
  eden space 453120K, 100% used [0x00000000d5580000,0x00000000f1000000,0x00000000f1000000)
  from space 53248K, 39% used [0x00000000f1000000,0x00000000f24941b8,0x00000000f4400000)
  to   space 50688K, 0% used [0x00000000f6f80000,0x00000000f6f80000,0x00000000fa100000)
 ParOldGen       total 108544K, used 62044K [0x0000000080000000, 0x0000000086a00000, 0x00000000d5580000)
  object space 108544K, 57% used [0x0000000080000000,0x0000000083c972b0,0x0000000086a00000)
 Metaspace       used 102014K, capacity 105546K, committed 105728K, reserved 1140736K
  class space    used 12862K, capacity 13560K, committed 13568K, reserved 1048576K
Event: 7114.559 GC heap after
Heap after GC invocations=52 (full 4):
 PSYoungGen      total 537600K, used 30449K [0x00000000d5580000, 0x00000000f9a80000, 0x0000000100000000)
  eden space 493568K, 0% used [0x00000000d5580000,0x00000000d5580000,0x00000000f3780000)
  from space 44032K, 69% used [0x00000000f6f80000,0x00000000f8d3c6b0,0x00000000f9a80000)
  to   space 50688K, 0% used [0x00000000f3780000,0x00000000f3780000,0x00000000f6900000)
 ParOldGen       total 108544K, used 62052K [0x0000000080000000, 0x0000000086a00000, 0x00000000d5580000)
  object space 108544K, 57% used [0x0000000080000000,0x0000000083c992b0,0x0000000086a00000)
 Metaspace       used 102014K, capacity 105546K, committed 105728K, reserved 1140736K
  class space    used 12862K, capacity 13560K, committed 13568K, reserved 1048576K
}
Event: 7121.887 GC heap before
{Heap before GC invocations=53 (full 4):
 PSYoungGen      total 537600K, used 524017K [0x00000000d5580000, 0x00000000f9a80000, 0x0000000100000000)
  eden space 493568K, 100% used [0x00000000d5580000,0x00000000f3780000,0x00000000f3780000)
  from space 44032K, 69% used [0x00000000f6f80000,0x00000000f8d3c6b0,0x00000000f9a80000)
  to   space 50688K, 0% used [0x00000000f3780000,0x00000000f3780000,0x00000000f6900000)
 ParOldGen       total 108544K, used 62052K [0x0000000080000000, 0x0000000086a00000, 0x00000000d5580000)
  object space 108544K, 57% used [0x0000000080000000,0x0000000083c992b0,0x0000000086a00000)
 Metaspace       used 103054K, capacity 106676K, committed 106752K, reserved 1142784K
  class space    used 12988K, capacity 13755K, committed 13824K, reserved 1048576K

